<rss xmlns:atom="http://www.w3.org/2005/Atom" xmlns:nyaa="https://nyaa.si/xmlns/nyaa" version="2.0">
<script id="eppiocemhmnlbhjplcgkofciiegomcon"/>
<script/>
<script/>
<channel>
<title>Nyaa - "kanojo subsplease 41" - Torrent File RSS</title>
<description>RSS Feed for "kanojo subsplease 41"</description>
<link>https://nyaa.si/</link>
<atom:link href="https://nyaa.si/?page=rss" rel="self" type="application/rss+xml"/>
<item>
<title>[SubsPlease] Kanojo, Okarishimasu - 41 (1080p) [123BED64].mkv</title>
<link>https://nyaa.si/download/1999503.torrent</link>
<guid isPermaLink="true">https://nyaa.si/view/1999503</guid>
<pubDate>Tue, 29 Jul 2025 13:32:29 -0000</pubDate>
<nyaa:seeders>471</nyaa:seeders>
<nyaa:leechers>9</nyaa:leechers>
<nyaa:downloads>5030</nyaa:downloads>
<nyaa:infoHash>aba6a1ec7eeaaba3571ee56e5a972aee95367003</nyaa:infoHash>
<nyaa:categoryId>1_2</nyaa:categoryId>
<nyaa:category>Anime - English-translated</nyaa:category>
<nyaa:size>1.4 GiB</nyaa:size>
<nyaa:comments>2</nyaa:comments>
<nyaa:trusted>Yes</nyaa:trusted>
<nyaa:remake>No</nyaa:remake>
<description>
<![CDATA[ <a href="https://nyaa.si/view/1999503">#1999503 | [SubsPlease] Kanojo, Okarishimasu - 41 (1080p) [123BED64].mkv</a> | 1.4 GiB | Anime - English-translated | aba6a1ec7eeaaba3571ee56e5a972aee95367003 ]]>
</description>
</item>
<item>
<title>[SubsPlease] Kanojo, Okarishimasu - 41 (720p) [26A0B0C4].mkv</title>
<link>https://nyaa.si/download/1999501.torrent</link>
<guid isPermaLink="true">https://nyaa.si/view/1999501</guid>
<pubDate>Tue, 29 Jul 2025 13:32:10 -0000</pubDate>
<nyaa:seeders>112</nyaa:seeders>
<nyaa:leechers>2</nyaa:leechers>
<nyaa:downloads>2553</nyaa:downloads>
<nyaa:infoHash>5110fa5179521be4dc00cf59583711a7a73a8e61</nyaa:infoHash>
<nyaa:categoryId>1_2</nyaa:categoryId>
<nyaa:category>Anime - English-translated</nyaa:category>
<nyaa:size>727.5 MiB</nyaa:size>
<nyaa:comments>0</nyaa:comments>
<nyaa:trusted>Yes</nyaa:trusted>
<nyaa:remake>No</nyaa:remake>
<description>
<![CDATA[ <a href="https://nyaa.si/view/1999501">#1999501 | [SubsPlease] Kanojo, Okarishimasu - 41 (720p) [26A0B0C4].mkv</a> | 727.5 MiB | Anime - English-translated | 5110fa5179521be4dc00cf59583711a7a73a8e61 ]]>
</description>
</item>
<item>
<title>[SubsPlease] Kanojo, Okarishimasu - 41 (480p) [B99B5F06].mkv</title>
<link>https://nyaa.si/download/1999500.torrent</link>
<guid isPermaLink="true">https://nyaa.si/view/1999500</guid>
<pubDate>Tue, 29 Jul 2025 13:32:10 -0000</pubDate>
<nyaa:seeders>38</nyaa:seeders>
<nyaa:leechers>2</nyaa:leechers>
<nyaa:downloads>995</nyaa:downloads>
<nyaa:infoHash>39d464d151982ff2caff53d39484c7f1921fc6d7</nyaa:infoHash>
<nyaa:categoryId>1_2</nyaa:categoryId>
<nyaa:category>Anime - English-translated</nyaa:category>
<nyaa:size>378.3 MiB</nyaa:size>
<nyaa:comments>0</nyaa:comments>
<nyaa:trusted>Yes</nyaa:trusted>
<nyaa:remake>No</nyaa:remake>
<description>
<![CDATA[ <a href="https://nyaa.si/view/1999500">#1999500 | [SubsPlease] Kanojo, Okarishimasu - 41 (480p) [B99B5F06].mkv</a> | 378.3 MiB | Anime - English-translated | 39d464d151982ff2caff53d39484c7f1921fc6d7 ]]>
</description>
</item>
<item>
<title>[SubsPlease] Kanojo, Okarishimasu - 37 (480p) [756B411A].mkv</title>
<link>https://nyaa.si/download/1988114.torrent</link>
<guid isPermaLink="true">https://nyaa.si/view/1988114</guid>
<pubDate>Tue, 01 Jul 2025 13:31:32 -0000</pubDate>
<nyaa:seeders>19</nyaa:seeders>
<nyaa:leechers>0</nyaa:leechers>
<nyaa:downloads>1285</nyaa:downloads>
<nyaa:infoHash>32a5b8db0b5420ffe9c89ff2b3c6beb5ec9ae4c3</nyaa:infoHash>
<nyaa:categoryId>1_2</nyaa:categoryId>
<nyaa:category>Anime - English-translated</nyaa:category>
<nyaa:size>373.1 MiB</nyaa:size>
<nyaa:comments>0</nyaa:comments>
<nyaa:trusted>Yes</nyaa:trusted>
<nyaa:remake>No</nyaa:remake>
<description>
<![CDATA[ <a href="https://nyaa.si/view/1988114">#1988114 | [SubsPlease] Kanojo, Okarishimasu - 37 (480p) [756B411A].mkv</a> | 373.1 MiB | Anime - English-translated | 32a5b8db0b5420ffe9c89ff2b3c6beb5ec9ae4c3 ]]>
</description>
</item>
</channel>
</rss>